Starting: hexatic/cylinder_restart_ensemble/__init__.py
Starting: hexatic/cylinder_restart_ensemble/common.py
Starting: hexatic/cylinder_restart_ensemble/run_A_exact_restart.py
Starting: hexatic/cylinder_restart_ensemble/run_B_u0_half.py
Starting: hexatic/cylinder_restart_ensemble/run_C_random_orientations.py
Starting: hexatic/cylinder_restart_ensemble/run_D_shuffle_orientations.py
Starting: hexatic/cylinder_restart_ensemble/run_F_zero_px.py
Starting: hexatic/cylinder_restart_ensemble/run_G_u0_double.py
Starting: hexatic/cylinder_restart_ensemble/run_H_consistent_axial_mirror.py
Starting: hexatic/cylinder_restart_ensemble/run_I_orientation_axial_flip.py
Starting: hexatic/cylinder_restart_ensemble/run_J_theta_mirror.py
Starting: hexatic/cylinder_restart_ensemble/run_S_passive_u0_zero.py
Starting: hexatic/cylinder_restart_ensemble/run_T_reverse_activity.py
starting restart ensemble run seed=1, active_u0=-100, steps=50000000, write_period=100000, output=/Users/vaibhavvenkat/structures_and_functions/hexatic/output/cylinder/restart_ensemble/trajectory_cylinder_T.gsd
*Warning*: Provided seed 2025434156 is larger than 65535. Truncating to 44076.
starting restart ensemble run seed=1, active_u0=100, steps=50000000, write_period=100000, output=/Users/vaibhavvenkat/structures_and_functions/hexatic/output/cylinder/restart_ensemble/trajectory_cylinder_I.gsd
starting restart ensemble run seed=2025434156, active_u0=100, steps=50000000, write_period=100000, output=/Users/vaibhavvenkat/structures_and_functions/hexatic/output/cylinder/restart_ensemble/trajectory_cylinder_A_0.gsd
starting restart ensemble run seed=1, active_u0=100, steps=50000000, write_period=100000, output=/Users/vaibhavvenkat/structures_and_functions/hexatic/output/cylinder/restart_ensemble/trajectory_cylinder_H.gsd
starting restart ensemble run seed=1, active_u0=0.0, steps=50000000, write_period=100000, output=/Users/vaibhavvenkat/structures_and_functions/hexatic/output/cylinder/restart_ensemble/trajectory_cylinder_S.gsd
starting restart ensemble run seed=1, active_u0=100, steps=50000000, write_period=100000, output=/Users/vaibhavvenkat/structures_and_functions/hexatic/output/cylinder/restart_ensemble/trajectory_cylinder_J.gsd
starting restart ensemble run seed=1, active_u0=100, steps=50000000, write_period=100000, output=/Users/vaibhavvenkat/structures_and_functions/hexatic/output/cylinder/restart_ensemble/trajectory_cylinder_C.gsd
starting restart ensemble run seed=1, active_u0=100, steps=50000000, write_period=100000, output=/Users/vaibhavvenkat/structures_and_functions/hexatic/output/cylinder/restart_ensemble/trajectory_cylinder_F.gsd
starting restart ensemble run seed=1, active_u0=50.0, steps=50000000, write_period=100000, output=/Users/vaibhavvenkat/structures_and_functions/hexatic/output/cylinder/restart_ensemble/trajectory_cylinder_B.gsd
starting restart ensemble run seed=1, active_u0=200.0, steps=50000000, write_period=100000, output=/Users/vaibhavvenkat/structures_and_functions/hexatic/output/cylinder/restart_ensemble/trajectory_cylinder_G.gsd
starting restart ensemble run seed=1, active_u0=100, steps=50000000, write_period=100000, output=/Users/vaibhavvenkat/structures_and_functions/hexatic/output/cylinder/restart_ensemble/trajectory_cylinder_D.gsd
